[2026-03-18 01:27:43Z INFO HostContext] No proxy settings were found based on environmental variables (http_proxy/https_proxy/HTTP_PROXY/HTTPS_PROXY)
[2026-03-18 01:27:43Z INFO HostContext] Well known directory 'Bin': 'C:\Users\master\Documents\PODMAN\actions-runner\bin'
[2026-03-18 01:27:43Z INFO HostContext] Well known directory 'Root': 'C:\Users\master\Documents\PODMAN\actions-runner'
[2026-03-18 01:27:43Z INFO HostContext] Well known config file 'Credentials': 'C:\Users\master\Documents\PODMAN\actions-runner\.credentials'
[2026-03-18 01:27:43Z INFO HostContext] Well known directory 'Bin': 'C:\Users\master\Documents\PODMAN\actions-runner\bin'
[2026-03-18 01:27:43Z INFO HostContext] Well known directory 'Root': 'C:\Users\master\Documents\PODMAN\actions-runner'
[2026-03-18 01:27:43Z INFO HostContext] Well known config file 'Runner': 'C:\Users\master\Documents\PODMAN\actions-runner\.runner'
[2026-03-18 01:27:43Z INFO Listener] Runner is built for Windows (X64) - win-x64.
[2026-03-18 01:27:43Z INFO Listener] RuntimeInformation: Microsoft Windows 10.0.19045.
[2026-03-18 01:27:43Z INFO Listener] Version: 2.332.0
[2026-03-18 01:27:43Z INFO Listener] Commit: a153d802ff96c51ac1b8d72dd8a38ebe830398fc
[2026-03-18 01:27:43Z INFO Listener] Culture: en-US
[2026-03-18 01:27:43Z INFO Listener] UI Culture: en-US
[2026-03-18 01:27:43Z INFO HostContext] Well known directory 'Bin': 'C:\Users\master\Documents\PODMAN\actions-runner\bin'
[2026-03-18 01:27:43Z INFO HostContext] Well known directory 'Root': 'C:\Users\master\Documents\PODMAN\actions-runner'
[2026-03-18 01:27:43Z INFO Listener] Validating directory permissions for: 'C:\Users\master\Documents\PODMAN\actions-runner'
[2026-03-18 01:27:43Z INFO CommandLineParser] Parse
[2026-03-18 01:27:43Z INFO CommandLineParser] Parsing 1 args
[2026-03-18 01:27:43Z INFO CommandLineParser] parsing argument
[2026-03-18 01:27:43Z INFO CommandLineParser] HasArgs: False
[2026-03-18 01:27:43Z INFO CommandLineParser] Adding Command: run
[2026-03-18 01:27:43Z INFO Listener] Arguments parsed
[2026-03-18 01:27:44Z INFO Runner] ExecuteCommand
[2026-03-18 01:27:44Z INFO ConfigurationStore] currentAssemblyLocation: C:\Users\master\Documents\PODMAN\actions-runner\bin\Runner.Listener.dll
[2026-03-18 01:27:44Z INFO HostContext] Well known directory 'Bin': 'C:\Users\master\Documents\PODMAN\actions-runner\bin'
[2026-03-18 01:27:44Z INFO ConfigurationStore] binPath: C:\Users\master\Documents\PODMAN\actions-runner\bin
[2026-03-18 01:27:44Z INFO HostContext] Well known directory 'Bin': 'C:\Users\master\Documents\PODMAN\actions-runner\bin'
[2026-03-18 01:27:44Z INFO HostContext] Well known directory 'Root': 'C:\Users\master\Documents\PODMAN\actions-runner'
[2026-03-18 01:27:44Z INFO ConfigurationStore] RootFolder: C:\Users\master\Documents\PODMAN\actions-runner
[2026-03-18 01:27:44Z INFO HostContext] Well known directory 'Bin': 'C:\Users\master\Documents\PODMAN\actions-runner\bin'
[2026-03-18 01:27:44Z INFO HostContext] Well known directory 'Root': 'C:\Users\master\Documents\PODMAN\actions-runner'
[2026-03-18 01:27:44Z INFO HostContext] Well known config file 'Runner': 'C:\Users\master\Documents\PODMAN\actions-runner\.runner'
[2026-03-18 01:27:44Z INFO ConfigurationStore] ConfigFilePath: C:\Users\master\Documents\PODMAN\actions-runner\.runner
[2026-03-18 01:27:44Z INFO HostContext] Well known directory 'Bin': 'C:\Users\master\Documents\PODMAN\actions-runner\bin'
[2026-03-18 01:27:44Z INFO HostContext] Well known directory 'Root': 'C:\Users\master\Documents\PODMAN\actions-runner'
[2026-03-18 01:27:44Z INFO HostContext] Well known config file 'MigratedRunner': 'C:\Users\master\Documents\PODMAN\actions-runner\.runner_migrated'
[2026-03-18 01:27:44Z INFO ConfigurationStore] MigratedConfigFilePath: C:\Users\master\Documents\PODMAN\actions-runner\.runner_migrated
[2026-03-18 01:27:44Z INFO HostContext] Well known directory 'Bin': 'C:\Users\master\Documents\PODMAN\actions-runner\bin'
[2026-03-18 01:27:44Z INFO HostContext] Well known directory 'Root': 'C:\Users\master\Documents\PODMAN\actions-runner'
[2026-03-18 01:27:44Z INFO HostContext] Well known config file 'Credentials': 'C:\Users\master\Documents\PODMAN\actions-runner\.credentials'
[2026-03-18 01:27:44Z INFO ConfigurationStore] CredFilePath: C:\Users\master\Documents\PODMAN\actions-runner\.credentials
[2026-03-18 01:27:44Z INFO HostContext] Well known directory 'Bin': 'C:\Users\master\Documents\PODMAN\actions-runner\bin'
[2026-03-18 01:27:44Z INFO HostContext] Well known directory 'Root': 'C:\Users\master\Documents\PODMAN\actions-runner'
[2026-03-18 01:27:44Z INFO HostContext] Well known config file 'MigratedCredentials': 'C:\Users\master\Documents\PODMAN\actions-runner\.credentials_migrated'
[2026-03-18 01:27:44Z INFO ConfigurationStore] MigratedCredFilePath: C:\Users\master\Documents\PODMAN\actions-runner\.credentials_migrated
[2026-03-18 01:27:44Z INFO HostContext] Well known directory 'Bin': 'C:\Users\master\Documents\PODMAN\actions-runner\bin'
[2026-03-18 01:27:44Z INFO HostContext] Well known directory 'Root': 'C:\Users\master\Documents\PODMAN\actions-runner'
[2026-03-18 01:27:44Z INFO HostContext] Well known config file 'Service': 'C:\Users\master\Documents\PODMAN\actions-runner\.service'
[2026-03-18 01:27:44Z INFO ConfigurationStore] ServiceConfigFilePath: C:\Users\master\Documents\PODMAN\actions-runner\.service
[2026-03-18 01:27:44Z INFO CommandSettings] Flag 'help': 'False'
[2026-03-18 01:27:44Z INFO CommandSettings] Flag 'version': 'False'
[2026-03-18 01:27:44Z INFO CommandSettings] Flag 'commit': 'False'
[2026-03-18 01:27:44Z INFO CommandSettings] Flag 'check': 'False'
[2026-03-18 01:27:44Z INFO CommandSettings] Command 'configure': 'False'
[2026-03-18 01:27:44Z INFO CommandSettings] Command 'remove': 'False'
[2026-03-18 01:27:44Z INFO CommandSettings] Command 'warmup': 'False'
[2026-03-18 01:27:44Z INFO ConfigurationManager] LoadSettings
[2026-03-18 01:27:44Z INFO ConfigurationStore] IsConfigured()
[2026-03-18 01:27:44Z INFO ConfigurationStore] IsConfigured: False
[2026-03-18 01:27:44Z INFO ConfigurationManager] Is configured: False
[2026-03-18 01:27:44Z ERR  Terminal] WRITE ERROR: An error occurred: Not configured. Run config.(sh/cmd) to configure the runner.
[2026-03-18 01:27:44Z ERR  Listener] GitHub.Runner.Common.NonRetryableException: Not configured. Run config.(sh/cmd) to configure the runner.
   at GitHub.Runner.Listener.Configuration.ConfigurationManager.LoadSettings()
   at GitHub.Runner.Listener.Runner.ExecuteCommand(CommandSettings command)
   at GitHub.Runner.Listener.Program.MainAsync(IHostContext context, String[] args)
